Unity Editor version:    2020.3.19f1 (68f137dc9bbe)
Branch:                  2020.3/staging
Build type:              Release
Batch mode:              YES
macOS version:           Version 12.0.1 (Build 21A559)
Darwin version:          21.1.0
Architecture:            x86_64
Running under Rosetta:   YES
Available memory:        8192 MB
Using pre-set license
Pro License: NO

COMMAND LINE ARGUMENTS:
/Applications/Unity/Hub/Editor/2020.3.19f1/Unity.app/Contents/MacOS/Unity
-adb2
-batchMode
-noUpm
-name
AssetImportWorker0
-projectPath
/Users/ben/lenser
-logFile
Logs/AssetImportWorker0.log
-srvPort
60806
Successfully changed project path to: /Users/ben/lenser
/Users/ben/lenser
Using Asset Import Pipeline V2.
Refreshing native plugins compatible for Editor in 53.52 ms, found 2 plugins.
Preloading 0 native plugins for Editor in 0.00 ms.
Initialize engine version: 2020.3.19f1 (68f137dc9bbe)
[Subsystems] Discovering subsystems at path /Applications/Unity/Hub/Editor/2020.3.19f1/Unity.app/Contents/Resources/UnitySubsystems
[Subsystems] Discovering subsystems at path /Users/ben/lenser/Assets
GfxDevice: creating device client; threaded=0
2021-11-16 13:49:30.136 Unity[32650:4463035] (null) preferred device: Apple M1 (high power)
2021-11-16 13:49:30.136 Unity[32650:4463035] Metal devices available: 1
2021-11-16 13:49:30.136 Unity[32650:4463035] 0: Apple M1 (high power)
2021-11-16 13:49:30.136 Unity[32650:4463035] Using device Apple M1 (high power)
Initializing Metal device caps: Apple M1
Initialize mono
Mono path[0] = '/Applications/Unity/Hub/Editor/2020.3.19f1/Unity.app/Contents/Managed'
Mono path[1] = '/Applications/Unity/Hub/Editor/2020.3.19f1/Unity.app/Contents/MonoBleedingEdge/lib/mono/unityjit'
Mono config path = '/Applications/Unity/Hub/Editor/2020.3.19f1/Unity.app/Contents/MonoBleedingEdge/etc'
Using monoOptions --debugger-agent=transport=dt_socket,embedding=1,server=y,suspend=n,address=127.0.0.1:56650
Begin MonoManager ReloadAssembly
Registering precompiled unity dll's ...
Register platform support module: /Applications/Unity/Hub/Editor/2020.3.19f1/Unity.app/Contents/PlaybackEngines/MacStandaloneSupport/UnityEditor.OSXStandalone.Extensions.dll
Register platform support module: /Applications/Unity/Hub/Editor/2020.3.19f1/PlaybackEngines/WindowsStandaloneSupport/UnityEditor.WindowsStandalone.Extensions.dll
Registered in 0.001239 seconds.
Native extension for WindowsStandalone target not found
Native extension for OSXStandalone target not found
Refreshing native plugins compatible for Editor in 34.79 ms, found 2 plugins.
Preloading 0 native plugins for Editor in 0.00 ms.
Mono: successfully reloaded assembly
- Completed reload, in  3.872 seconds
Domain Reload Profiling:
	ReloadAssembly (3872ms)
		BeginReloadAssembly (144ms)
			ExecutionOrderSort (0ms)
			DisableScriptedObjects (0ms)
			BackupInstance (0ms)
			ReleaseScriptingObjects (0ms)
			CreateAndSetChildDomain (3ms)
		EndReloadAssembly (1185ms)
			LoadAssemblies (141ms)
			RebuildTransferFunctionScriptingTraits (1ms)
			SetupTypeCache (234ms)
			ReleaseScriptCaches (0ms)
			RebuildScriptCaches (50ms)
			SetupLoadedEditorAssemblies (683ms)
				LogAssemblyErrors (0ms)
				InitializePlatformSupportModulesInManaged (15ms)
				SetLoadedEditorAssemblies (1ms)
				RefreshPlugins (35ms)
				BeforeProcessingInitializeOnLoad (100ms)
				ProcessInitializeOnLoadAttributes (388ms)
				ProcessInitializeOnLoadMethodAttributes (144ms)
				AfterProcessingInitializeOnLoad (0ms)
				EditorAssembliesLoaded (1ms)
			ExecutionOrderSort2 (0ms)
			AwakeInstancesAfterBackupRestoration (0ms)
Platform modules already initialized, skipping
Registering precompiled user dll's ...
Registered in 0.002572 seconds.
Begin MonoManager ReloadAssembly
Native extension for WindowsStandalone target not found
Native extension for OSXStandalone target not found
Refreshing native plugins compatible for Editor in 0.33 ms, found 2 plugins.
Preloading 0 native plugins for Editor in 0.00 ms.
Mono: successfully reloaded assembly
- Completed reload, in  2.853 seconds
Domain Reload Profiling:
	ReloadAssembly (2856ms)
		BeginReloadAssembly (315ms)
			ExecutionOrderSort (0ms)
			DisableScriptedObjects (41ms)
			BackupInstance (0ms)
			ReleaseScriptingObjects (0ms)
			CreateAndSetChildDomain (42ms)
		EndReloadAssembly (2432ms)
			LoadAssemblies (234ms)
			RebuildTransferFunctionScriptingTraits (0ms)
			SetupTypeCache (375ms)
			ReleaseScriptCaches (1ms)
			RebuildScriptCaches (62ms)
			SetupLoadedEditorAssemblies (1425ms)
				LogAssemblyErrors (0ms)
				InitializePlatformSupportModulesInManaged (21ms)
				SetLoadedEditorAssemblies (2ms)
				RefreshPlugins (0ms)
				BeforeProcessingInitializeOnLoad (271ms)
				ProcessInitializeOnLoadAttributes (1103ms)
				ProcessInitializeOnLoadMethodAttributes (24ms)
				AfterProcessingInitializeOnLoad (2ms)
				EditorAssembliesLoaded (1ms)
			ExecutionOrderSort2 (0ms)
			AwakeInstancesAfterBackupRestoration (67ms)
Platform modules already initialized, skipping
Validating Project structure ... 0.000150 seconds.
Shader import version has changed; will reimport all shaders...
Upgrading shader files ...0.000220 seconds.
Application.AssetDatabase Initial Script Refresh Start
RefreshInfo: InitialScriptRefreshV2(NoUpdateAssetOptions) scanfilter:  ... 1 filters
RefreshProfiler: Total: 0.000ms
Application.AssetDatabase Initial Script Refresh End
Application.AssetDatabase.Refresh Start
Application.AssetDatabase.Refresh End
RefreshInfo: StopAssetImportingV2(ForceSynchronousImport) scanfilter: 
RefreshProfiler: Total: 0.000ms
Launching external process: /Applications/Unity/Hub/Editor/2020.3.19f1/Unity.app/Contents/Tools/UnityShaderCompiler
Launched and connected shader compiler UnityShaderCompiler after 0.23 seconds
Initializing Unity extensions:
2021-11-16 13:49:38.353 Unity[32650:4463035] NSEventModifierFlagFunction specified to -setKeyEquivalentModifierMask: for item <NSMenuItem: 0x600002c1cd90 Font Asset, ke='Command-F12'>, but is only supported for system-provided menu items; will not be used
2021-11-16 13:49:38.357 Unity[32650:4463035] NSEventModifierFlagFunction specified to -setKeyEquivalentModifierMask: for item <NSMenuItem: 0x600002c0f020 Font Asset, ke='Command-F12'>, but is only supported for system-provided menu items; will not be used
========================================================================
Worker process is ready to serve import requests
Refreshing native plugins compatible for Editor in 0.27 ms, found 2 plugins.
Preloading 0 native plugins for Editor in 0.00 ms.
Unloading 1399 Unused Serialized files (Serialized files now loaded: 0)
System memory in use before: 190.6 MB.
System memory in use after: 189.7 MB.

Unloading 77 unused Assets to reduce memory usage. Loaded Objects now: 1873.
Total: 4.088375 ms (FindLiveObjects: 0.128500 ms CreateObjectMapping: 0.035625 ms MarkObjects: 3.310209 ms  DeleteObjects: 0.612792 ms)

AssetImportParameters requested are different than current active one (requested -> active):
  custom:video-decoder-ogg-theora: a1e56fd34408186e4bbccfd4996cb3dc -> 
  custom:container-muxer-webm: aa71ff27fc2769a1b78a27578f13a17b -> 
  custom:container-demuxer-webm: 4f35f7cbe854078d1ac9338744f61a02 -> 
  custom:container-demuxer-ogg: 62fdf1f143b41e24485cea50d1cbac27 -> 
  custom:video-encoder-webm-vp8: eb34c28f22e8b96e1ab97ce403110664 -> 
  custom:framework-osx-AVFoundation: e770b220cccbd017edd2c1fefb359320 -> 
  custom:video-decoder-webm-vp8: 9c59270c3fd7afecdb556c50c9e8de78 -> 
  custom:audio-decoder-ogg-vorbis: bf7c407c2cedff20999df2af8eb42d56 -> 
  custom:audio-encoder-webm-vorbis: bf7c407c2cedff20999df2af8eb42d56 -> 
========================================================================
Received Import Request.
  path: Assets/Prefabs/Goal.prefab
  artifactKey: Guid(6d340331b6fc34d7895f1267ac4cd0c3) Importer(815301076,1909f56bfc062723c751e8b465ee728b)
Start importing Assets/Prefabs/Goal.prefab using Guid(6d340331b6fc34d7895f1267ac4cd0c3) Importer(815301076,1909f56bfc062723c751e8b465ee728b)  -> (artifact id: '07e5a638141d4f869642d5d6b421f6a7') in 0.884584 seconds 
  Import took 0.887933 seconds .

========================================================================
Received Import Request.
  Time since last request: 47.296909 seconds.
  path: Assets/Prefabs/Goal.prefab
  artifactKey: Guid(6d340331b6fc34d7895f1267ac4cd0c3) Importer(815301076,1909f56bfc062723c751e8b465ee728b)
Start importing Assets/Prefabs/Goal.prefab using Guid(6d340331b6fc34d7895f1267ac4cd0c3) Importer(815301076,1909f56bfc062723c751e8b465ee728b)  -> (artifact id: 'e6960cdc8f3f0a27f0b8e3ecffda3640') in 0.024903 seconds 
  Import took 0.031892 seconds .

========================================================================
Received Import Request.
  Time since last request: 1.963459 seconds.
  path: Assets/Prefabs/Goal.prefab
  artifactKey: Guid(6d340331b6fc34d7895f1267ac4cd0c3) Importer(815301076,1909f56bfc062723c751e8b465ee728b)
Start importing Assets/Prefabs/Goal.prefab using Guid(6d340331b6fc34d7895f1267ac4cd0c3) Importer(815301076,1909f56bfc062723c751e8b465ee728b)  -> (artifact id: '4f0f35c94cd8263d485f6fe715d14240') in 0.008851 seconds 
  Import took 0.011393 seconds .

========================================================================
Received Import Request.
  Time since last request: 28.947224 seconds.
  path: Assets/Prefabs/Goal.prefab
  artifactKey: Guid(6d340331b6fc34d7895f1267ac4cd0c3) Importer(815301076,1909f56bfc062723c751e8b465ee728b)
Start importing Assets/Prefabs/Goal.prefab using Guid(6d340331b6fc34d7895f1267ac4cd0c3) Importer(815301076,1909f56bfc062723c751e8b465ee728b)  -> (artifact id: '12c87e4b1cb5ff5fef74ecaca6e40f37') in 0.031209 seconds 
  Import took 0.041176 seconds .

========================================================================
Received Import Request.
  Time since last request: 69.461107 seconds.
  path: Assets/Prefabs/Goal.prefab
  artifactKey: Guid(6d340331b6fc34d7895f1267ac4cd0c3) Importer(815301076,1909f56bfc062723c751e8b465ee728b)
Start importing Assets/Prefabs/Goal.prefab using Guid(6d340331b6fc34d7895f1267ac4cd0c3) Importer(815301076,1909f56bfc062723c751e8b465ee728b)  -> (artifact id: 'c75e7b010fa16a7610250aa695075b4e') in 0.036778 seconds 
  Import took 0.044583 seconds .

========================================================================
Received Import Request.
  Time since last request: 4.990603 seconds.
  path: Assets/Prefabs/Goal.prefab
  artifactKey: Guid(6d340331b6fc34d7895f1267ac4cd0c3) Importer(815301076,1909f56bfc062723c751e8b465ee728b)
Start importing Assets/Prefabs/Goal.prefab using Guid(6d340331b6fc34d7895f1267ac4cd0c3) Importer(815301076,1909f56bfc062723c751e8b465ee728b)  -> (artifact id: '4321b1bbf7d7fbaa817f9796da330253') in 0.009165 seconds 
  Import took 0.011634 seconds .

========================================================================
Received Import Request.
  Time since last request: 3.630569 seconds.
  path: Assets/Prefabs/Goal.prefab
  artifactKey: Guid(6d340331b6fc34d7895f1267ac4cd0c3) Importer(815301076,1909f56bfc062723c751e8b465ee728b)
Start importing Assets/Prefabs/Goal.prefab using Guid(6d340331b6fc34d7895f1267ac4cd0c3) Importer(815301076,1909f56bfc062723c751e8b465ee728b)  -> (artifact id: 'd763e34a489177dc90587d5600e69c7d') in 0.007525 seconds 
  Import took 0.010073 seconds .

========================================================================
Received Import Request.
  Time since last request: 17.063896 seconds.
  path: Assets/Prefabs/Goal.prefab
  artifactKey: Guid(6d340331b6fc34d7895f1267ac4cd0c3) Importer(815301076,1909f56bfc062723c751e8b465ee728b)
Start importing Assets/Prefabs/Goal.prefab using Guid(6d340331b6fc34d7895f1267ac4cd0c3) Importer(815301076,1909f56bfc062723c751e8b465ee728b)  -> (artifact id: 'aed70055902f6ca60b4adb3b43bba085') in 0.013278 seconds 
  Import took 0.036267 seconds .

========================================================================
Received Import Request.
  Time since last request: 4.049802 seconds.
  path: Assets/Prefabs/Goal.prefab
  artifactKey: Guid(6d340331b6fc34d7895f1267ac4cd0c3) Importer(815301076,1909f56bfc062723c751e8b465ee728b)
Start importing Assets/Prefabs/Goal.prefab using Guid(6d340331b6fc34d7895f1267ac4cd0c3) Importer(815301076,1909f56bfc062723c751e8b465ee728b)  -> (artifact id: 'aede674174f3d844ca1eeafe95e9934c') in 0.021749 seconds 
  Import took 0.023857 seconds .

========================================================================
Received Import Request.
  Time since last request: 3.001643 seconds.
  path: Assets/Prefabs/Goal.prefab
  artifactKey: Guid(6d340331b6fc34d7895f1267ac4cd0c3) Importer(815301076,1909f56bfc062723c751e8b465ee728b)
Start importing Assets/Prefabs/Goal.prefab using Guid(6d340331b6fc34d7895f1267ac4cd0c3) Importer(815301076,1909f56bfc062723c751e8b465ee728b)  -> (artifact id: 'd9d845e95b4921766c3c019cfac1a764') in 0.018652 seconds 
  Import took 0.020698 seconds .

========================================================================
Received Import Request.
  Time since last request: 3.824389 seconds.
  path: Assets/Prefabs/Goal.prefab
  artifactKey: Guid(6d340331b6fc34d7895f1267ac4cd0c3) Importer(815301076,1909f56bfc062723c751e8b465ee728b)
Start importing Assets/Prefabs/Goal.prefab using Guid(6d340331b6fc34d7895f1267ac4cd0c3) Importer(815301076,1909f56bfc062723c751e8b465ee728b)  -> (artifact id: 'feb633a058102ec0b9db485e68a8b568') in 0.007841 seconds 
  Import took 0.010748 seconds .

========================================================================
Received Import Request.
  Time since last request: 4.237297 seconds.
  path: Assets/Prefabs/Goal.prefab
  artifactKey: Guid(6d340331b6fc34d7895f1267ac4cd0c3) Importer(815301076,1909f56bfc062723c751e8b465ee728b)
Start importing Assets/Prefabs/Goal.prefab using Guid(6d340331b6fc34d7895f1267ac4cd0c3) Importer(815301076,1909f56bfc062723c751e8b465ee728b)  -> (artifact id: '383100a0e5a4a61978ab75a067b0fdf3') in 0.012194 seconds 
  Import took 0.014718 seconds .

========================================================================
Received Import Request.
  Time since last request: 3.015803 seconds.
  path: Assets/Prefabs/Goal.prefab
  artifactKey: Guid(6d340331b6fc34d7895f1267ac4cd0c3) Importer(815301076,1909f56bfc062723c751e8b465ee728b)
Start importing Assets/Prefabs/Goal.prefab using Guid(6d340331b6fc34d7895f1267ac4cd0c3) Importer(815301076,1909f56bfc062723c751e8b465ee728b)  -> (artifact id: '2bdeb256120a2b04b2a44940be73ed8a') in 0.014205 seconds 
  Import took 0.017577 seconds .

========================================================================
Received Import Request.
  Time since last request: 5.250752 seconds.
  path: Assets/Prefabs/Goal.prefab
  artifactKey: Guid(6d340331b6fc34d7895f1267ac4cd0c3) Importer(815301076,1909f56bfc062723c751e8b465ee728b)
Start importing Assets/Prefabs/Goal.prefab using Guid(6d340331b6fc34d7895f1267ac4cd0c3) Importer(815301076,1909f56bfc062723c751e8b465ee728b)  -> (artifact id: '20179e4c03a372151e157be0e69ea559') in 0.014518 seconds 
  Import took 0.016793 seconds .

========================================================================
Received Import Request.
  Time since last request: 11.546547 seconds.
  path: Assets/Prefabs/Goal.prefab
  artifactKey: Guid(6d340331b6fc34d7895f1267ac4cd0c3) Importer(815301076,1909f56bfc062723c751e8b465ee728b)
Start importing Assets/Prefabs/Goal.prefab using Guid(6d340331b6fc34d7895f1267ac4cd0c3) Importer(815301076,1909f56bfc062723c751e8b465ee728b)  -> (artifact id: '7c7c258950783c6228eb2881685ccac7') in 0.021565 seconds 
  Import took 0.023561 seconds .

========================================================================
Received Import Request.
  Time since last request: 3.808760 seconds.
  path: Assets/Prefabs/Goal.prefab
  artifactKey: Guid(6d340331b6fc34d7895f1267ac4cd0c3) Importer(815301076,1909f56bfc062723c751e8b465ee728b)
Start importing Assets/Prefabs/Goal.prefab using Guid(6d340331b6fc34d7895f1267ac4cd0c3) Importer(815301076,1909f56bfc062723c751e8b465ee728b)  -> (artifact id: '6731224288b04ba231b2add22d63e9e0') in 0.007949 seconds 
  Import took 0.010017 seconds .

========================================================================
Received Import Request.
  Time since last request: 9.304408 seconds.
  path: Assets/Prefabs/Goal.prefab
  artifactKey: Guid(6d340331b6fc34d7895f1267ac4cd0c3) Importer(815301076,1909f56bfc062723c751e8b465ee728b)
Start importing Assets/Prefabs/Goal.prefab using Guid(6d340331b6fc34d7895f1267ac4cd0c3) Importer(815301076,1909f56bfc062723c751e8b465ee728b)  -> (artifact id: 'eb76c38d15d74476fc43cb28fddf7dfe') in 0.019362 seconds 
  Import took 0.023113 seconds .

========================================================================
Received Import Request.
  Time since last request: 1.806115 seconds.
  path: Assets/Prefabs/Goal.prefab
  artifactKey: Guid(6d340331b6fc34d7895f1267ac4cd0c3) Importer(815301076,1909f56bfc062723c751e8b465ee728b)
Start importing Assets/Prefabs/Goal.prefab using Guid(6d340331b6fc34d7895f1267ac4cd0c3) Importer(815301076,1909f56bfc062723c751e8b465ee728b)  -> (artifact id: 'daada08fc720da7aa9435793d66a3c99') in 0.010977 seconds 
  Import took 0.012874 seconds .

========================================================================
Received Import Request.
  Time since last request: 4.035811 seconds.
  path: Assets/Prefabs/Goal.prefab
  artifactKey: Guid(6d340331b6fc34d7895f1267ac4cd0c3) Importer(815301076,1909f56bfc062723c751e8b465ee728b)
Start importing Assets/Prefabs/Goal.prefab using Guid(6d340331b6fc34d7895f1267ac4cd0c3) Importer(815301076,1909f56bfc062723c751e8b465ee728b)  -> (artifact id: '45f61e9f6f951e835e2a16b0567b0bdd') in 0.017991 seconds 
  Import took 0.020406 seconds .

========================================================================
Received Import Request.
  Time since last request: 7.451043 seconds.
  path: Assets/Prefabs/Goal.prefab
  artifactKey: Guid(6d340331b6fc34d7895f1267ac4cd0c3) Importer(815301076,1909f56bfc062723c751e8b465ee728b)
Start importing Assets/Prefabs/Goal.prefab using Guid(6d340331b6fc34d7895f1267ac4cd0c3) Importer(815301076,1909f56bfc062723c751e8b465ee728b)  -> (artifact id: 'ffeaaefb150e5b55b67e8959dfe0db23') in 0.008975 seconds 
  Import took 0.011150 seconds .

========================================================================
Received Import Request.
  Time since last request: 3.430507 seconds.
  path: Assets/Prefabs/Goal.prefab
  artifactKey: Guid(6d340331b6fc34d7895f1267ac4cd0c3) Importer(815301076,1909f56bfc062723c751e8b465ee728b)
Start importing Assets/Prefabs/Goal.prefab using Guid(6d340331b6fc34d7895f1267ac4cd0c3) Importer(815301076,1909f56bfc062723c751e8b465ee728b)  -> (artifact id: '45b3d0200ca259315dc2bc8a16899e7c') in 0.008296 seconds 
  Import took 0.010413 seconds .

========================================================================
Received Import Request.
  Time since last request: 4.842031 seconds.
  path: Assets/Prefabs/Goal.prefab
  artifactKey: Guid(6d340331b6fc34d7895f1267ac4cd0c3) Importer(815301076,1909f56bfc062723c751e8b465ee728b)
Start importing Assets/Prefabs/Goal.prefab using Guid(6d340331b6fc34d7895f1267ac4cd0c3) Importer(815301076,1909f56bfc062723c751e8b465ee728b)  -> (artifact id: 'de8dc52fba78ffec8baba9d55e887c10') in 0.012872 seconds 
  Import took 0.017106 seconds .

========================================================================
Received Import Request.
  Time since last request: 3.848671 seconds.
  path: Assets/Prefabs/Goal.prefab
  artifactKey: Guid(6d340331b6fc34d7895f1267ac4cd0c3) Importer(815301076,1909f56bfc062723c751e8b465ee728b)
Start importing Assets/Prefabs/Goal.prefab using Guid(6d340331b6fc34d7895f1267ac4cd0c3) Importer(815301076,1909f56bfc062723c751e8b465ee728b)  -> (artifact id: '2bf618feb0bc73ed78ee9664dd858439') in 0.012546 seconds 
  Import took 0.015489 seconds .

========================================================================
Received Import Request.
  Time since last request: 4.859792 seconds.
  path: Assets/Prefabs/Goal.prefab
  artifactKey: Guid(6d340331b6fc34d7895f1267ac4cd0c3) Importer(815301076,1909f56bfc062723c751e8b465ee728b)
Start importing Assets/Prefabs/Goal.prefab using Guid(6d340331b6fc34d7895f1267ac4cd0c3) Importer(815301076,1909f56bfc062723c751e8b465ee728b)  -> (artifact id: '72e1ece2374b7797eb92495bfd124b9e') in 0.008937 seconds 
  Import took 0.011130 seconds .

========================================================================
Received Import Request.
  Time since last request: 11.538168 seconds.
  path: Assets/Prefabs/Goal.prefab
  artifactKey: Guid(6d340331b6fc34d7895f1267ac4cd0c3) Importer(815301076,1909f56bfc062723c751e8b465ee728b)
Start importing Assets/Prefabs/Goal.prefab using Guid(6d340331b6fc34d7895f1267ac4cd0c3) Importer(815301076,1909f56bfc062723c751e8b465ee728b)  -> (artifact id: '502c4ad5edd2627a4f3f14051d5307ef') in 0.049795 seconds 
  Import took 0.058726 seconds .

========================================================================
Received Import Request.
  Time since last request: 5.433984 seconds.
  path: Assets/Prefabs/Goal.prefab
  artifactKey: Guid(6d340331b6fc34d7895f1267ac4cd0c3) Importer(815301076,1909f56bfc062723c751e8b465ee728b)
Start importing Assets/Prefabs/Goal.prefab using Guid(6d340331b6fc34d7895f1267ac4cd0c3) Importer(815301076,1909f56bfc062723c751e8b465ee728b)  -> (artifact id: 'd80b77f15a54861ab0731043f6b323e6') in 0.009662 seconds 
  Import took 0.011770 seconds .

========================================================================
Received Import Request.
  Time since last request: 5.266825 seconds.
  path: Assets/Prefabs/Goal.prefab
  artifactKey: Guid(6d340331b6fc34d7895f1267ac4cd0c3) Importer(815301076,1909f56bfc062723c751e8b465ee728b)
Start importing Assets/Prefabs/Goal.prefab using Guid(6d340331b6fc34d7895f1267ac4cd0c3) Importer(815301076,1909f56bfc062723c751e8b465ee728b)  -> (artifact id: 'cdb6bd7e65f62c513672ed325e444b56') in 0.017399 seconds 
  Import took 0.019737 seconds .

========================================================================
Received Import Request.
  Time since last request: 2.611000 seconds.
  path: Assets/Prefabs/Goal.prefab
  artifactKey: Guid(6d340331b6fc34d7895f1267ac4cd0c3) Importer(815301076,1909f56bfc062723c751e8b465ee728b)
Start importing Assets/Prefabs/Goal.prefab using Guid(6d340331b6fc34d7895f1267ac4cd0c3) Importer(815301076,1909f56bfc062723c751e8b465ee728b)  -> (artifact id: '392e8876eded1f3afb8b810fa758af2c') in 0.008281 seconds 
  Import took 0.011821 seconds .

========================================================================
Received Import Request.
  Time since last request: 3.030387 seconds.
  path: Assets/Prefabs/Goal.prefab
  artifactKey: Guid(6d340331b6fc34d7895f1267ac4cd0c3) Importer(815301076,1909f56bfc062723c751e8b465ee728b)
Start importing Assets/Prefabs/Goal.prefab using Guid(6d340331b6fc34d7895f1267ac4cd0c3) Importer(815301076,1909f56bfc062723c751e8b465ee728b)  -> (artifact id: '53d08f52a2557edea4e3dbc678889c7e') in 0.013046 seconds 
  Import took 0.016836 seconds .

========================================================================
Received Import Request.
  Time since last request: 2.817671 seconds.
  path: Assets/Prefabs/Goal.prefab
  artifactKey: Guid(6d340331b6fc34d7895f1267ac4cd0c3) Importer(815301076,1909f56bfc062723c751e8b465ee728b)
Start importing Assets/Prefabs/Goal.prefab using Guid(6d340331b6fc34d7895f1267ac4cd0c3) Importer(815301076,1909f56bfc062723c751e8b465ee728b)  -> (artifact id: 'e3d9555c66f433a27a46865ea091892e') in 0.007991 seconds 
  Import took 0.011228 seconds .

========================================================================
Received Import Request.
  Time since last request: 2.016968 seconds.
  path: Assets/Prefabs/Goal.prefab
  artifactKey: Guid(6d340331b6fc34d7895f1267ac4cd0c3) Importer(815301076,1909f56bfc062723c751e8b465ee728b)
Start importing Assets/Prefabs/Goal.prefab using Guid(6d340331b6fc34d7895f1267ac4cd0c3) Importer(815301076,1909f56bfc062723c751e8b465ee728b)  -> (artifact id: '25c2a668670e81c1fbfdeef7f5e72354') in 0.009496 seconds 
  Import took 0.011909 seconds .

========================================================================
Received Import Request.
  Time since last request: 11.748574 seconds.
  path: Assets/Prefabs/Goal.prefab
  artifactKey: Guid(6d340331b6fc34d7895f1267ac4cd0c3) Importer(815301076,1909f56bfc062723c751e8b465ee728b)
Start importing Assets/Prefabs/Goal.prefab using Guid(6d340331b6fc34d7895f1267ac4cd0c3) Importer(815301076,1909f56bfc062723c751e8b465ee728b)  -> (artifact id: 'e63a41427d68c17a6ed0023e33607d5f') in 0.018944 seconds 
  Import took 0.021438 seconds .

========================================================================
Received Import Request.
  Time since last request: 5.638620 seconds.
  path: Assets/Prefabs/Goal.prefab
  artifactKey: Guid(6d340331b6fc34d7895f1267ac4cd0c3) Importer(815301076,1909f56bfc062723c751e8b465ee728b)
Start importing Assets/Prefabs/Goal.prefab using Guid(6d340331b6fc34d7895f1267ac4cd0c3) Importer(815301076,1909f56bfc062723c751e8b465ee728b)  -> (artifact id: 'da5c58e8935a42737988744c90fcb3af') in 0.009755 seconds 
  Import took 0.011840 seconds .

========================================================================
Received Import Request.
  Time since last request: 9.341109 seconds.
  path: Assets/Prefabs/Goal.prefab
  artifactKey: Guid(6d340331b6fc34d7895f1267ac4cd0c3) Importer(815301076,1909f56bfc062723c751e8b465ee728b)
Start importing Assets/Prefabs/Goal.prefab using Guid(6d340331b6fc34d7895f1267ac4cd0c3) Importer(815301076,1909f56bfc062723c751e8b465ee728b)  -> (artifact id: '52af2a6a715c1c95403930d263abf716') in 0.023318 seconds 
  Import took 0.041330 seconds .

========================================================================
Received Import Request.
  Time since last request: 4.215151 seconds.
  path: Assets/Prefabs/Goal.prefab
  artifactKey: Guid(6d340331b6fc34d7895f1267ac4cd0c3) Importer(815301076,1909f56bfc062723c751e8b465ee728b)
Start importing Assets/Prefabs/Goal.prefab using Guid(6d340331b6fc34d7895f1267ac4cd0c3) Importer(815301076,1909f56bfc062723c751e8b465ee728b)  -> (artifact id: '78ab7753bf3a6f1edd69ec76a1e16336') in 0.009205 seconds 
  Import took 0.011358 seconds .

========================================================================
Received Import Request.
  Time since last request: 4.256879 seconds.
  path: Assets/Prefabs/Goal.prefab
  artifactKey: Guid(6d340331b6fc34d7895f1267ac4cd0c3) Importer(815301076,1909f56bfc062723c751e8b465ee728b)
Start importing Assets/Prefabs/Goal.prefab using Guid(6d340331b6fc34d7895f1267ac4cd0c3) Importer(815301076,1909f56bfc062723c751e8b465ee728b)  -> (artifact id: '03dcd6ab48310c1f039d9b1a43ae139a') in 0.011688 seconds 
  Import took 0.013677 seconds .

========================================================================
Received Import Request.
  Time since last request: 16.191486 seconds.
  path: Assets/Prefabs/Goal.prefab
  artifactKey: Guid(6d340331b6fc34d7895f1267ac4cd0c3) Importer(815301076,1909f56bfc062723c751e8b465ee728b)
Start importing Assets/Prefabs/Goal.prefab using Guid(6d340331b6fc34d7895f1267ac4cd0c3) Importer(815301076,1909f56bfc062723c751e8b465ee728b)  -> (artifact id: '28feb4c49005e6c5c9e70358b088a0c5') in 0.031444 seconds 
  Import took 0.049538 seconds .

========================================================================
Received Import Request.
  Time since last request: 5.420041 seconds.
  path: Assets/Prefabs/Goal.prefab
  artifactKey: Guid(6d340331b6fc34d7895f1267ac4cd0c3) Importer(815301076,1909f56bfc062723c751e8b465ee728b)
Start importing Assets/Prefabs/Goal.prefab using Guid(6d340331b6fc34d7895f1267ac4cd0c3) Importer(815301076,1909f56bfc062723c751e8b465ee728b)  -> (artifact id: '234f8dc6a69378473932933333a7cbc1') in 0.015132 seconds 
  Import took 0.017341 seconds .

========================================================================
Received Import Request.
  Time since last request: 341.054157 seconds.
  path: Assets
  artifactKey: Guid(00000000000000001000000000000000) Importer(815301076,1909f56bfc062723c751e8b465ee728b)
Start importing Assets using Guid(00000000000000001000000000000000) Importer(815301076,1909f56bfc062723c751e8b465ee728b)  -> (artifact id: '42d402b061de3733987d63b9cc3b64de') in 0.008278 seconds 
  Import took 0.035012 seconds .

========================================================================
Received Import Request.
  Time since last request: 3500.717584 seconds.
  path: Assets/Materials
  artifactKey: Guid(60e7de61abafd4487b3a229df50ee552) Importer(815301076,1909f56bfc062723c751e8b465ee728b)
Start importing Assets/Materials using Guid(60e7de61abafd4487b3a229df50ee552) Importer(815301076,1909f56bfc062723c751e8b465ee728b)  -> (artifact id: '6364e9b54323732c4e2194892fefad66') in 0.002751 seconds 
  Import took 0.014401 seconds .

========================================================================
Received Import Request.
  Time since last request: 17.873224 seconds.
  path: Assets/Materials/red.mat
  artifactKey: Guid(b9262506aaf2d42feb3da9634bcc5283) Importer(815301076,1909f56bfc062723c751e8b465ee728b)
Start importing Assets/Materials/red.mat using Guid(b9262506aaf2d42feb3da9634bcc5283) Importer(815301076,1909f56bfc062723c751e8b465ee728b)  -> (artifact id: '53125047b8cd93e7ff988949856444a7') in 0.337406 seconds 
  Import took 0.344354 seconds .

========================================================================
Received Import Request.
  Time since last request: 11.987157 seconds.
  path: Assets/Materials/red.mat
  artifactKey: Guid(b9262506aaf2d42feb3da9634bcc5283) Importer(815301076,1909f56bfc062723c751e8b465ee728b)
Start importing Assets/Materials/red.mat using Guid(b9262506aaf2d42feb3da9634bcc5283) Importer(815301076,1909f56bfc062723c751e8b465ee728b)  -> (artifact id: 'fe46a87e3b0b1a18586840287a0edf39') in 0.022170 seconds 
  Import took 0.025600 seconds .

========================================================================
Received Import Request.
  Time since last request: 3.068191 seconds.
  path: Assets/Materials/blue.mat
  artifactKey: Guid(0839aa18ea096430fa1ee792b8d25735) Importer(815301076,1909f56bfc062723c751e8b465ee728b)
Start importing Assets/Materials/blue.mat using Guid(0839aa18ea096430fa1ee792b8d25735) Importer(815301076,1909f56bfc062723c751e8b465ee728b)  -> (artifact id: '82d528d55e8e4f99506586cf30ed9263') in 0.013818 seconds 
  Import took 0.017160 seconds .

========================================================================
Received Import Request.
  Time since last request: 11.748983 seconds.
  path: Assets/Materials/blue.mat
  artifactKey: Guid(0839aa18ea096430fa1ee792b8d25735) Importer(815301076,1909f56bfc062723c751e8b465ee728b)
Start importing Assets/Materials/blue.mat using Guid(0839aa18ea096430fa1ee792b8d25735) Importer(815301076,1909f56bfc062723c751e8b465ee728b)  -> (artifact id: '99caf68334e742e14691dd62a4bd5229') in 0.009900 seconds 
  Import took 0.012234 seconds .

========================================================================
Received Import Request.
  Time since last request: 11.473621 seconds.
  path: Assets/Materials/green.mat
  artifactKey: Guid(2d4d4e25a8ad1452394dda85ebc3152b) Importer(815301076,1909f56bfc062723c751e8b465ee728b)
Start importing Assets/Materials/green.mat using Guid(2d4d4e25a8ad1452394dda85ebc3152b) Importer(815301076,1909f56bfc062723c751e8b465ee728b)  -> (artifact id: '3b0900f96377e2fa0d65da98a877cc42') in 0.008824 seconds 
  Import took 0.011255 seconds .

========================================================================
Received Import Request.
  Time since last request: 13.122706 seconds.
  path: Assets/Materials/green.mat
  artifactKey: Guid(2d4d4e25a8ad1452394dda85ebc3152b) Importer(815301076,1909f56bfc062723c751e8b465ee728b)
Start importing Assets/Materials/green.mat using Guid(2d4d4e25a8ad1452394dda85ebc3152b) Importer(815301076,1909f56bfc062723c751e8b465ee728b)  -> (artifact id: 'b4759c8d4736795e3db9dac0d0252d88') in 0.007683 seconds 
  Import took 0.009746 seconds .

========================================================================
Received Import Request.
  Time since last request: 3.398735 seconds.
  path: Assets/Materials/yellow.mat
  artifactKey: Guid(96bf25f94e42647cd926c8944b51a16e) Importer(815301076,1909f56bfc062723c751e8b465ee728b)
Start importing Assets/Materials/yellow.mat using Guid(96bf25f94e42647cd926c8944b51a16e) Importer(815301076,1909f56bfc062723c751e8b465ee728b)  -> (artifact id: '85f69b0e6b185f159eefebcbee8c787c') in 0.008105 seconds 
  Import took 0.010433 seconds .

========================================================================
Received Import Request.
  Time since last request: 168.376834 seconds.
  path: Assets/Materials/yellow.mat
  artifactKey: Guid(96bf25f94e42647cd926c8944b51a16e) Importer(815301076,1909f56bfc062723c751e8b465ee728b)
Start importing Assets/Materials/yellow.mat using Guid(96bf25f94e42647cd926c8944b51a16e) Importer(815301076,1909f56bfc062723c751e8b465ee728b)  -> (artifact id: 'b76fc8f0597e003081770344f0ce9e2e') in 0.027498 seconds 
  Import took 0.048099 seconds .

========================================================================
Received Import Request.
  Time since last request: 119.603320 seconds.
  path: Assets/Prefabs/field.prefab
  artifactKey: Guid(4849d53939eed4de7996f01f5e38ded7) Importer(815301076,1909f56bfc062723c751e8b465ee728b)
Start importing Assets/Prefabs/field.prefab using Guid(4849d53939eed4de7996f01f5e38ded7) Importer(815301076,1909f56bfc062723c751e8b465ee728b)  -> (artifact id: 'aa52be294e024e13d7d837ca79c784d9') in 0.037696 seconds 
  Import took 0.050240 seconds .

========================================================================
Received Prepare
Registering precompiled user dll's ...
Registered in 0.003175 seconds.
Begin MonoManager ReloadAssembly
Native extension for WindowsStandalone target not found
Native extension for OSXStandalone target not found
Refreshing native plugins compatible for Editor in 0.71 ms, found 2 plugins.
Preloading 0 native plugins for Editor in 0.00 ms.
2021-11-16 15:06:53.911 Unity[32650:4463035] NSEventModifierFlagFunction specified to -setKeyEquivalentModifierMask: for item <NSMenuItem: 0x600002c08690 Font Asset, ke='Command-F12'>, but is only supported for system-provided menu items; will not be used
Mono: successfully reloaded assembly
- Completed reload, in  3.421 seconds
Domain Reload Profiling:
	ReloadAssembly (3424ms)
		BeginReloadAssembly (407ms)
			ExecutionOrderSort (0ms)
			DisableScriptedObjects (42ms)
			BackupInstance (0ms)
			ReleaseScriptingObjects (0ms)
			CreateAndSetChildDomain (204ms)
		EndReloadAssembly (2885ms)
			LoadAssemblies (287ms)
			RebuildTransferFunctionScriptingTraits (1ms)
			SetupTypeCache (403ms)
			ReleaseScriptCaches (2ms)
			RebuildScriptCaches (59ms)
			SetupLoadedEditorAssemblies (1729ms)
				LogAssemblyErrors (0ms)
				InitializePlatformSupportModulesInManaged (23ms)
				SetLoadedEditorAssemblies (3ms)
				RefreshPlugins (1ms)
				BeforeProcessingInitializeOnLoad (288ms)
				ProcessInitializeOnLoadAttributes (1382ms)
				ProcessInitializeOnLoadMethodAttributes (29ms)
				AfterProcessingInitializeOnLoad (2ms)
				EditorAssembliesLoaded (2ms)
			ExecutionOrderSort2 (0ms)
			AwakeInstancesAfterBackupRestoration (75ms)
Platform modules already initialized, skipping
Refreshing native plugins compatible for Editor in 0.33 ms, found 2 plugins.
Preloading 0 native plugins for Editor in 0.00 ms.
Unloading 1393 Unused Serialized files (Serialized files now loaded: 0)
System memory in use before: 197.2 MB.
System memory in use after: 197.3 MB.

Unloading 13 unused Assets to reduce memory usage. Loaded Objects now: 1918.
Total: 4.750833 ms (FindLiveObjects: 0.505416 ms CreateObjectMapping: 0.063708 ms MarkObjects: 4.118709 ms  DeleteObjects: 0.060209 ms)

AssetImportParameters requested are different than current active one (requested -> active):
  custom:video-decoder-ogg-theora: a1e56fd34408186e4bbccfd4996cb3dc -> 
  custom:container-muxer-webm: aa71ff27fc2769a1b78a27578f13a17b -> 
  custom:container-demuxer-webm: 4f35f7cbe854078d1ac9338744f61a02 -> 
  custom:container-demuxer-ogg: 62fdf1f143b41e24485cea50d1cbac27 -> 
  custom:video-encoder-webm-vp8: eb34c28f22e8b96e1ab97ce403110664 -> 
  custom:framework-osx-AVFoundation: e770b220cccbd017edd2c1fefb359320 -> 
  custom:video-decoder-webm-vp8: 9c59270c3fd7afecdb556c50c9e8de78 -> 
  custom:audio-decoder-ogg-vorbis: bf7c407c2cedff20999df2af8eb42d56 -> 
  custom:audio-encoder-webm-vorbis: bf7c407c2cedff20999df2af8eb42d56 -> 
AssetImportWorkerClient::OnTransportError - code=2 error=End of file
